<?xml version="1.0" encoding="UTF-8"?>
<testsuite xmlns:xsi="http://www.w3.org/2001/XMLSchema-instance" xsi:noNamespaceSchemaLocation="https://maven.apache.org/surefire/maven-surefire-plugin/xsd/surefire-test-report.xsd" name="com.csusm.villa291.GameTest" time="0.019" tests="14" errors="0" skipped="0" failures="1">
  <properties>
    <property name="java.specification.version" value="17"/>
    <property name="sun.jnu.encoding" value="UTF-8"/>
    <property name="java.class.path" value="/Users/oscarvilla/Desktop/SE481Asteroids/asteroids/target/test-classes:/Users/oscarvilla/Desktop/SE481Asteroids/asteroids/target/classes:/Users/oscarvilla/.m2/repository/junit/junit/4.11/junit-4.11.jar:/Users/oscarvilla/.m2/repository/org/hamcrest/hamcrest-core/1.3/hamcrest-core-1.3.jar:"/>
    <property name="java.vm.vendor" value="Homebrew"/>
    <property name="sun.arch.data.model" value="64"/>
    <property name="java.vendor.url" value="https://github.com/Homebrew/homebrew-core/issues"/>
    <property name="os.name" value="Mac OS X"/>
    <property name="java.vm.specification.version" value="17"/>
    <property name="sun.java.launcher" value="SUN_STANDARD"/>
    <property name="user.country" value="US"/>
    <property name="sun.boot.library.path" value="/opt/homebrew/Cellar/openjdk/17.0.1_1/libexec/openjdk.jdk/Contents/Home/lib"/>
    <property name="sun.java.command" value="/Users/oscarvilla/Desktop/SE481Asteroids/asteroids/target/surefire/surefirebooter16437261370994583940.jar /Users/oscarvilla/Desktop/SE481Asteroids/asteroids/target/surefire 2021-12-07T13-37-16_944-jvmRun1 surefire16079062695288023131tmp surefire_0153549459081003853tmp"/>
    <property name="http.nonProxyHosts" value="local|*.local|169.254/16|*.169.254/16"/>
    <property name="jdk.debug" value="release"/>
    <property name="surefire.test.class.path" value="/Users/oscarvilla/Desktop/SE481Asteroids/asteroids/target/test-classes:/Users/oscarvilla/Desktop/SE481Asteroids/asteroids/target/classes:/Users/oscarvilla/.m2/repository/junit/junit/4.11/junit-4.11.jar:/Users/oscarvilla/.m2/repository/org/hamcrest/hamcrest-core/1.3/hamcrest-core-1.3.jar:"/>
    <property name="sun.cpu.endian" value="little"/>
    <property name="user.home" value="/Users/oscarvilla"/>
    <property name="user.language" value="en"/>
    <property name="java.specification.vendor" value="Oracle Corporation"/>
    <property name="java.version.date" value="2021-10-19"/>
    <property name="java.home" value="/opt/homebrew/Cellar/openjdk/17.0.1_1/libexec/openjdk.jdk/Contents/Home"/>
    <property name="file.separator" value="/"/>
    <property name="basedir" value="/Users/oscarvilla/Desktop/SE481Asteroids/asteroids"/>
    <property name="java.vm.compressedOopsMode" value="Zero based"/>
    <property name="line.separator" value="&#10;"/>
    <property name="java.specification.name" value="Java Platform API Specification"/>
    <property name="java.vm.specification.vendor" value="Oracle Corporation"/>
    <property name="surefire.real.class.path" value="/Users/oscarvilla/Desktop/SE481Asteroids/asteroids/target/surefire/surefirebooter16437261370994583940.jar"/>
    <property name="sun.management.compiler" value="HotSpot 64-Bit Tiered Compilers"/>
    <property name="ftp.nonProxyHosts" value="local|*.local|169.254/16|*.169.254/16"/>
    <property name="java.runtime.version" value="17.0.1+1"/>
    <property name="user.name" value="oscarvilla"/>
    <property name="path.separator" value=":"/>
    <property name="os.version" value="11.6"/>
    <property name="java.runtime.name" value="OpenJDK Runtime Environment"/>
    <property name="file.encoding" value="UTF-8"/>
    <property name="java.vm.name" value="OpenJDK 64-Bit Server VM"/>
    <property name="java.vendor.version" value="Homebrew"/>
    <property name="localRepository" value="/Users/oscarvilla/.m2/repository"/>
    <property name="java.vendor.url.bug" value="https://github.com/Homebrew/homebrew-core/issues"/>
    <property name="java.io.tmpdir" value="/var/folders/0s/256_6vpj5895mdthh2bgpt3w0000gn/T/"/>
    <property name="java.version" value="17.0.1"/>
    <property name="user.dir" value="/Users/oscarvilla/Desktop/SE481Asteroids/asteroids"/>
    <property name="os.arch" value="aarch64"/>
    <property name="java.vm.specification.name" value="Java Virtual Machine Specification"/>
    <property name="native.encoding" value="UTF-8"/>
    <property name="java.library.path" value="/Users/oscarvilla/Library/Java/Extensions:/Library/Java/Extensions:/Network/Library/Java/Extensions:/System/Library/Java/Extensions:/usr/lib/java:."/>
    <property name="java.vm.info" value="mixed mode, sharing"/>
    <property name="java.vendor" value="Homebrew"/>
    <property name="java.vm.version" value="17.0.1+1"/>
    <property name="sun.io.unicode.encoding" value="UnicodeBig"/>
    <property name="socksNonProxyHosts" value="local|*.local|169.254/16|*.169.254/16"/>
    <property name="java.class.version" value="61.0"/>
  </properties>
  <testcase name="testRegisterEntity" classname="com.csusm.villa291.GameTest" time="0"/>
  <testcase name="testIsPlayerInvulnerable" classname="com.csusm.villa291.GameTest" time="0"/>
  <testcase name="testGetLevel" classname="com.csusm.villa291.GameTest" time="0"/>
  <testcase name="testGetLives" classname="com.csusm.villa291.GameTest" time="0"/>
  <testcase name="testGetScore" classname="com.csusm.villa291.GameTest" time="0"/>
  <testcase name="testGetEntities" classname="com.csusm.villa291.GameTest" time="0"/>
  <testcase name="testAddScore" classname="com.csusm.villa291.GameTest" time="0.002">
    <failure message="expected:&lt;-1&gt; but was:&lt;1&gt;" type="junit.framework.AssertionFailedError"><![CDATA[junit.framework.AssertionFailedError: expected:<-1> but was:<1>
	at com.csusm.villa291.GameTest.testAddScore(GameTest.java:19)
]]></failure>
  </testcase>
  <testcase name="testCanDrawPlayer" classname="com.csusm.villa291.GameTest" time="0"/>
  <testcase name="testIsPaused" classname="com.csusm.villa291.GameTest" time="0"/>
  <testcase name="testIsGameOver" classname="com.csusm.villa291.GameTest" time="0"/>
  <testcase name="testGetPlayer" classname="com.csusm.villa291.GameTest" time="0"/>
  <testcase name="testGetRandom" classname="com.csusm.villa291.GameTest" time="0"/>
  <testcase name="testIsShowingLevel" classname="com.csusm.villa291.GameTest" time="0"/>
  <testcase name="testKillPlayer" classname="com.csusm.villa291.GameTest" time="0"/>
</testsuite>